SET name Jayant
SET value 5
DEL name
DEL value
SET name Jayant
SET value 18
SET name JayantTomar
SET name Jayant
SET name Jaya
SET name Jayant
SET name Golu
SET value 28
SET name Jayant
SET name Rudra
DEL name
SET name Jayant
DEL name
SET A 1
SET B 2
SET C 3
SET D 4
SET E 5
SET F 6
SET G 7
SET name Jayant
SET value 5
SET name Jayant
SET value 18
SET name JayantTomar
SET name Jayant
SET name Jaya
SET name Jayant
SET name Golu
SET value 28
SET name Jayant
SET name Rudra
SET name Jayant
SET A 1
SET B 2
SET C 3
SET D 4
SET E 5
SET F 6
SET G 7
SET name Jayant
DEL name
DEL A
DEL D
DEL E
DEL F
DEL G
DEL F
SET name Jayant
SET value 5
SET name Jayant
SET value 18
SET name JayantTomar
SET name Jayant
SET name Jaya
SET name Jayant
SET name Golu
SET value 28
SET name Jayant
SET name Rudra
SET name Jayant
SET A 1
SET B 2
SET C 3
SET D 4
SET E 5
SET F 6
SET G 7
SET name Jayant
SET value 5
SET name Jayant
SET value 18
SET name JayantTomar
SET name Jayant
SET name Jaya
SET name Jayant
SET name Golu
SET value 28
SET name Jayant
SET name Rudra
SET name Jayant
SET A 1
SET B 2
SET C 3
SET D 4
SET E 5
SET F 6
SET G 7
SET name Jayant
SET name Jayant
SET value 5
SET name Jayant
SET value 18
SET name JayantTomar
SET name Jayant
SET name Jaya
SET name Jayant
SET name Golu
SET value 28
SET name Jayant
SET name Rudra
SET name Jayant
SET A 1
SET B 2
SET C 3
SET D 4
SET E 5
SET F 6
SET G 7
SET name Jayant
SET value 5
SET name Jayant
SET value 18
SET name JayantTomar
SET name Jayant
SET name Jaya
SET name Jayant
SET name Golu
SET value 28
SET name Jayant
SET name Rudra
SET name Jayant
SET A 1
SET B 2
SET C 3
SET D 4
SET E 5
SET F 6
SET G 7
SET name Jayant
SET name Jayant
SET value 5
SET name Jayant
SET value 18
SET name JayantTomar
SET name Jayant
SET name Jaya
SET name Jayant
SET name Golu
SET value 28
SET name Jayant
SET name Rudra
SET name Jayant
SET A 1
SET B 2
SET C 3
SET D 4
SET E 5
SET F 6
SET G 7
SET name Jayant
SET value 5
SET name Jayant
SET value 18
SET name JayantTomar
SET name Jayant
SET name Jaya
SET name Jayant
SET name Golu
SET value 28
SET name Jayant
SET name Rudra
SET name Jayant
SET A 1
SET B 2
SET C 3
SET D 4
SET E 5
SET F 6
SET G 7
SET name Jayant
SET OTP 1234 EX 10
